<?xml version="1.0" encoding="UTF-8"?>
<coverage generated="1737556743">
  <project timestamp="1737556743">
    <package name="Yivoff\JwtRefreshBundle\Console">
      <file name="/Users/yivi/Projects/personal/composer_package/YivoffJwtRefreshBundle/src/Console/PurgeExpiredTokensCommand.php">
        <class name="Yivoff\JwtRefreshBundle\Console\PurgeExpiredTokensCommand" namespace="Yivoff\JwtRefreshBundle\Console">
          <metrics complexity="4" methods="3" coveredmethods="3" conditionals="0" coveredconditionals="0" statements="9" coveredstatements="9" elements="12" coveredelements="12"/>
        </class>
        <line num="18" type="method" name="__construct" visibility="public" complexity="1" crap="1" count="2"/>
        <line num="20" type="stmt" count="2"/>
        <line num="23" type="method" name="configure" visibility="protected" complexity="1" crap="1" count="2"/>
        <line num="25" type="stmt" count="2"/>
        <line num="26" type="stmt" count="2"/>
        <line num="27" type="stmt" count="2"/>
        <line num="30" type="method" name="execute" visibility="protected" complexity="2" crap="2" count="2"/>
        <line num="32" type="stmt" count="2"/>
        <line num="33" type="stmt" count="1"/>
        <line num="35" type="stmt" count="1"/>
        <line num="38" type="stmt" count="1"/>
        <line num="40" type="stmt" count="1"/>
        <metrics loc="43" ncloc="43" classes="1" methods="3" coveredmethods="3" conditionals="0" coveredconditionals="0" statements="9" coveredstatements="9" elements="12" coveredelements="12"/>
      </file>
    </package>
    <file name="/Users/yivi/Projects/personal/composer_package/YivoffJwtRefreshBundle/src/Contracts/HasherInterface.php">
      <metrics loc="13" ncloc="13" classes="0" methods="0" coveredmethods="0" conditionals="0" coveredconditionals="0" statements="0" coveredstatements="0" elements="0" coveredelements="0"/>
    </file>
    <file name="/Users/yivi/Projects/personal/composer_package/YivoffJwtRefreshBundle/src/Contracts/PurgableRefreshTokenProviderInterface.php">
      <metrics loc="11" ncloc="11" classes="0" methods="0" coveredmethods="0" conditionals="0" coveredconditionals="0" statements="0" coveredstatements="0" elements="0" coveredelements="0"/>
    </file>
    <file name="/Users/yivi/Projects/personal/composer_package/YivoffJwtRefreshBundle/src/Contracts/RefreshTokenInterface.php">
      <metrics loc="17" ncloc="17" classes="0" methods="0" coveredmethods="0" conditionals="0" coveredconditionals="0" statements="0" coveredstatements="0" elements="0" coveredelements="0"/>
    </file>
    <file name="/Users/yivi/Projects/personal/composer_package/YivoffJwtRefreshBundle/src/Contracts/RefreshTokenProviderInterface.php">
      <metrics loc="17" ncloc="17" classes="0" methods="0" coveredmethods="0" conditionals="0" coveredconditionals="0" statements="0" coveredstatements="0" elements="0" coveredelements="0"/>
    </file>
    <file name="/Users/yivi/Projects/personal/composer_package/YivoffJwtRefreshBundle/src/Contracts/TokenIdGeneratorInterface.php">
      <metrics loc="13" ncloc="13" classes="0" methods="0" coveredmethods="0" conditionals="0" coveredconditionals="0" statements="0" coveredstatements="0" elements="0" coveredelements="0"/>
    </file>
    <package name="Yivoff\JwtRefreshBundle\DependencyInjection">
      <file name="/Users/yivi/Projects/personal/composer_package/YivoffJwtRefreshBundle/src/DependencyInjection/BundleConfiguration.php">
        <class name="Yivoff\JwtRefreshBundle\DependencyInjection\BundleConfiguration" namespace="Yivoff\JwtRefreshBundle\DependencyInjection">
          <metrics complexity="1" methods="0" coveredmethods="0" conditionals="0" coveredconditionals="0" statements="0" coveredstatements="0" elements="0" coveredelements="0"/>
        </class>
        <metrics loc="39" ncloc="35" classes="0" methods="0" coveredmethods="0" conditionals="0" coveredconditionals="0" statements="0" coveredstatements="0" elements="0" coveredelements="0"/>
      </file>
      <file name="/Users/yivi/Projects/personal/composer_package/YivoffJwtRefreshBundle/src/DependencyInjection/YivoffJwtRefreshExtension.php">
        <class name="Yivoff\JwtRefreshBundle\DependencyInjection\YivoffJwtRefreshExtension" namespace="Yivoff\JwtRefreshBundle\DependencyInjection">
          <metrics complexity="5" methods="0" coveredmethods="0" conditionals="0" coveredconditionals="0" statements="0" coveredstatements="0" elements="0" coveredelements="0"/>
        </class>
        <metrics loc="100" ncloc="95" classes="0" methods="0" coveredmethods="0" conditionals="0" coveredconditionals="0" statements="0" coveredstatements="0" elements="0" coveredelements="0"/>
      </file>
    </package>
    <package name="Yivoff\JwtRefreshBundle\EventListener">
      <file name="/Users/yivi/Projects/personal/composer_package/YivoffJwtRefreshBundle/src/EventListener/AttachRefreshToken.php">
        <class name="Yivoff\JwtRefreshBundle\EventListener\AttachRefreshToken" namespace="Yivoff\JwtRefreshBundle\EventListener">
          <metrics complexity="2" methods="2" coveredmethods="2" conditionals="0" coveredconditionals="0" statements="15" coveredstatements="15" elements="17" coveredelements="17"/>
        </class>
        <line num="18" type="method" name="__construct" visibility="public" complexity="1" crap="1" count="1"/>
        <line num="24" type="stmt" count="1"/>
        <line num="26" type="method" name="__invoke" visibility="public" complexity="1" crap="1" count="1"/>
        <line num="29" type="stmt" count="1"/>
        <line num="30" type="stmt" count="1"/>
        <line num="32" type="stmt" count="1"/>
        <line num="34" type="stmt" count="1"/>
        <line num="35" type="stmt" count="1"/>
        <line num="37" type="stmt" count="1"/>
        <line num="38" type="stmt" count="1"/>
        <line num="39" type="stmt" count="1"/>
        <line num="40" type="stmt" count="1"/>
        <line num="41" type="stmt" count="1"/>
        <line num="42" type="stmt" count="1"/>
        <line num="43" type="stmt" count="1"/>
        <line num="45" type="stmt" count="1"/>
        <line num="46" type="stmt" count="1"/>
        <metrics loc="49" ncloc="49" classes="1" methods="2" coveredmethods="2" conditionals="0" coveredconditionals="0" statements="15" coveredstatements="15" elements="17" coveredelements="17"/>
      </file>
    </package>
    <package name="Yivoff\JwtRefreshBundle\Model">
      <file name="/Users/yivi/Projects/personal/composer_package/YivoffJwtRefreshBundle/src/Model/RefreshToken.php">
        <class name="Yivoff\JwtRefreshBundle\Model\RefreshToken" namespace="Yivoff\JwtRefreshBundle\Model">
          <metrics complexity="5" methods="0" coveredmethods="0" conditionals="0" coveredconditionals="0" statements="0" coveredstatements="0" elements="0" coveredelements="0"/>
        </class>
        <metrics loc="37" ncloc="34" classes="0" methods="0" coveredmethods="0" conditionals="0" coveredconditionals="0" statements="0" coveredstatements="0" elements="0" coveredelements="0"/>
      </file>
    </package>
    <package name="Yivoff\JwtRefreshBundle\Security">
      <file name="/Users/yivi/Projects/personal/composer_package/YivoffJwtRefreshBundle/src/Security/Authenticator.php">
        <class name="Yivoff\JwtRefreshBundle\Security\Authenticator" namespace="Yivoff\JwtRefreshBundle\Security">
          <metrics complexity="9" methods="5" coveredmethods="4" conditionals="0" coveredconditionals="0" statements="20" coveredstatements="19" elements="25" coveredelements="23"/>
        </class>
        <line num="33" type="method" name="__construct" visibility="public" complexity="1" crap="1" count="7"/>
        <line num="39" type="stmt" count="7"/>
        <line num="41" type="method" name="authenticate" visibility="public" complexity="5" crap="5" count="5"/>
        <line num="43" type="stmt" count="5"/>
        <line num="45" type="stmt" count="5"/>
        <line num="46" type="stmt" count="1"/>
        <line num="49" type="stmt" count="4"/>
        <line num="51" type="stmt" count="4"/>
        <line num="53" type="stmt" count="4"/>
        <line num="54" type="stmt" count="1"/>
        <line num="57" type="stmt" count="3"/>
        <line num="58" type="stmt" count="1"/>
        <line num="61" type="stmt" count="2"/>
        <line num="62" type="stmt" count="1"/>
        <line num="65" type="stmt" count="1"/>
        <line num="67" type="stmt" count="1"/>
        <line num="68" type="stmt" count="1"/>
        <line num="70" type="stmt" count="1"/>
        <line num="73" type="method" name="supports" visibility="public" complexity="1" crap="1" count="1"/>
        <line num="75" type="stmt" count="1"/>
        <line num="78" type="method" name="onAuthenticationFailure" visibility="public" complexity="1" crap="1" count="1"/>
        <line num="81" type="stmt" count="1"/>
        <line num="83" type="stmt" count="1"/>
        <line num="86" type="method" name="onAuthenticationSuccess" visibility="public" complexity="1" crap="2" count="0"/>
        <line num="88" type="stmt" count="0"/>
        <metrics loc="91" ncloc="90" classes="1" methods="5" coveredmethods="4" conditionals="0" coveredconditionals="0" statements="20" coveredstatements="19" elements="25" coveredelements="23"/>
      </file>
    </package>
    <package name="Yivoff\JwtRefreshBundle\Shared">
      <file name="/Users/yivi/Projects/personal/composer_package/YivoffJwtRefreshBundle/src/Shared/Hasher.php">
        <class name="Yivoff\JwtRefreshBundle\Shared\Hasher" namespace="Yivoff\JwtRefreshBundle\Shared">
          <metrics complexity="3" methods="3" coveredmethods="3" conditionals="0" coveredconditionals="0" statements="3" coveredstatements="3" elements="6" coveredelements="6"/>
        </class>
        <line num="17" type="method" name="__construct" visibility="public" complexity="1" crap="1" count="1"/>
        <line num="19" type="method" name="verify" visibility="public" complexity="1" crap="1" count="1"/>
        <line num="21" type="stmt" count="1"/>
        <line num="24" type="method" name="hash" visibility="public" complexity="1" crap="1" count="1"/>
        <line num="26" type="stmt" count="1"/>
        <metrics loc="29" ncloc="26" classes="1" methods="3" coveredmethods="3" conditionals="0" coveredconditionals="0" statements="3" coveredstatements="3" elements="6" coveredelements="6"/>
      </file>
      <file name="/Users/yivi/Projects/personal/composer_package/YivoffJwtRefreshBundle/src/Shared/TokenIdGenerator.php">
        <class name="Yivoff\JwtRefreshBundle\Shared\TokenIdGenerator" namespace="Yivoff\JwtRefreshBundle\Shared">
          <metrics complexity="3" methods="3" coveredmethods="3" conditionals="0" coveredconditionals="0" statements="3" coveredstatements="3" elements="6" coveredelements="6"/>
        </class>
        <line num="17" type="method" name="generateIdentifier" visibility="public" complexity="1" crap="1" count="1"/>
        <line num="19" type="stmt" count="1"/>
        <line num="22" type="method" name="generateVerifier" visibility="public" complexity="1" crap="1" count="1"/>
        <line num="24" type="stmt" count="1"/>
        <line num="27" type="method" name="randomString" visibility="private" complexity="1" crap="1" count="1"/>
        <line num="29" type="stmt" count="1"/>
        <metrics loc="32" ncloc="32" classes="1" methods="3" coveredmethods="3" conditionals="0" coveredconditionals="0" statements="3" coveredstatements="3" elements="6" coveredelements="6"/>
      </file>
    </package>
    <package name="Yivoff\JwtRefreshBundle">
      <file name="/Users/yivi/Projects/personal/composer_package/YivoffJwtRefreshBundle/src/YivoffJwtRefreshBundle.php">
        <class name="Yivoff\JwtRefreshBundle\YivoffJwtRefreshBundle" namespace="Yivoff\JwtRefreshBundle">
          <metrics complexity="8" methods="0" coveredmethods="0" conditionals="0" coveredconditionals="0" statements="0" coveredstatements="0" elements="0" coveredelements="0"/>
        </class>
        <metrics loc="54" ncloc="53" classes="0" methods="0" coveredmethods="0" conditionals="0" coveredconditionals="0" statements="0" coveredstatements="0" elements="0" coveredelements="0"/>
      </file>
    </package>
    <metrics files="14" loc="545" ncloc="528" classes="5" methods="16" coveredmethods="15" conditionals="0" coveredconditionals="0" statements="50" coveredstatements="49" elements="66" coveredelements="64"/>
  </project>
</coverage>
