<?xml version="1.0" encoding="UTF-8"?>
<coverage generated="1630057516">
  <project timestamp="1630057516">
    <file name="/Users/yivi/Projects/personal/composer_package/YivoffJwtRefreshBundle/Console/PurgeExpiredTokensCommand.php">
      <class name="Yivoff\JwtRefreshBundle\Console\PurgeExpiredTokensCommand" namespace="global">
        <metrics complexity="4" methods="3" coveredmethods="3" conditionals="0" coveredconditionals="0" statements="10" coveredstatements="10" elements="13" coveredelements="13"/>
      </class>
      <line num="16" type="method" name="__construct" visibility="public" complexity="1" crap="1" count="2"/>
      <line num="18" type="stmt" count="2"/>
      <line num="19" type="stmt" count="2"/>
      <line num="21" type="method" name="configure" visibility="protected" complexity="1" crap="1" count="2"/>
      <line num="24" type="stmt" count="2"/>
      <line num="25" type="stmt" count="2"/>
      <line num="27" type="method" name="execute" visibility="protected" complexity="2" crap="2" count="2"/>
      <line num="29" type="stmt" count="2"/>
      <line num="30" type="stmt" count="1"/>
      <line num="32" type="stmt" count="1"/>
      <line num="35" type="stmt" count="1"/>
      <line num="37" type="stmt" count="1"/>
      <metrics loc="39" ncloc="39" classes="1" methods="3" coveredmethods="3" conditionals="0" coveredconditionals="0" statements="10" coveredstatements="10" elements="13" coveredelements="13"/>
    </file>
    <file name="/Users/yivi/Projects/personal/composer_package/YivoffJwtRefreshBundle/DependencyInjection/BundleConfiguration.php">
      <class name="Yivoff\JwtRefreshBundle\DependencyInjection\BundleConfiguration" namespace="global">
        <metrics complexity="1" methods="0" coveredmethods="0" conditionals="0" coveredconditionals="0" statements="0" coveredstatements="0" elements="0" coveredelements="0"/>
      </class>
      <metrics loc="37" ncloc="34" classes="0" methods="0" coveredmethods="0" conditionals="0" coveredconditionals="0" statements="0" coveredstatements="0" elements="0" coveredelements="0"/>
    </file>
    <file name="/Users/yivi/Projects/personal/composer_package/YivoffJwtRefreshBundle/DependencyInjection/YivoffJwtRefreshExtension.php">
      <class name="Yivoff\JwtRefreshBundle\DependencyInjection\YivoffJwtRefreshExtension" namespace="global">
        <metrics complexity="5" methods="0" coveredmethods="0" conditionals="0" coveredconditionals="0" statements="0" coveredstatements="0" elements="0" coveredelements="0"/>
      </class>
      <metrics loc="93" ncloc="90" classes="0" methods="0" coveredmethods="0" conditionals="0" coveredconditionals="0" statements="0" coveredstatements="0" elements="0" coveredelements="0"/>
    </file>
    <file name="/Users/yivi/Projects/personal/composer_package/YivoffJwtRefreshBundle/EventListener/AttachRefreshToken.php">
      <class name="Yivoff\JwtRefreshBundle\EventListener\AttachRefreshToken" namespace="global">
        <metrics complexity="3" methods="2" coveredmethods="2" conditionals="0" coveredconditionals="0" statements="17" coveredstatements="17" elements="19" coveredelements="19"/>
      </class>
      <line num="19" type="method" name="__construct" visibility="public" complexity="1" crap="1" count="2"/>
      <line num="26" type="stmt" count="2"/>
      <line num="28" type="method" name="__invoke" visibility="public" complexity="2" crap="2" count="2"/>
      <line num="31" type="stmt" count="2"/>
      <line num="32" type="stmt" count="2"/>
      <line num="34" type="stmt" count="2"/>
      <line num="35" type="stmt" count="1"/>
      <line num="38" type="stmt" count="1"/>
      <line num="41" type="stmt" count="2"/>
      <line num="42" type="stmt" count="2"/>
      <line num="44" type="stmt" count="2"/>
      <line num="45" type="stmt" count="2"/>
      <line num="47" type="stmt" count="2"/>
      <line num="48" type="stmt" count="2"/>
      <line num="50" type="stmt" count="2"/>
      <line num="52" type="stmt" count="2"/>
      <line num="53" type="stmt" count="2"/>
      <line num="54" type="stmt" count="2"/>
      <metrics loc="55" ncloc="53" classes="1" methods="2" coveredmethods="2" conditionals="0" coveredconditionals="0" statements="17" coveredstatements="17" elements="19" coveredelements="19"/>
    </file>
    <file name="/Users/yivi/Projects/personal/composer_package/YivoffJwtRefreshBundle/Security/Authenticator.php">
      <class name="Yivoff\JwtRefreshBundle\Security\Authenticator" namespace="global">
        <metrics complexity="9" methods="5" coveredmethods="4" conditionals="0" coveredconditionals="0" statements="17" coveredstatements="16" elements="22" coveredelements="20"/>
      </class>
      <line num="24" type="method" name="__construct" visibility="public" complexity="1" crap="1" count="7"/>
      <line num="30" type="stmt" count="7"/>
      <line num="32" type="method" name="authenticate" visibility="public" complexity="5" crap="5" count="5"/>
      <line num="34" type="stmt" count="5"/>
      <line num="36" type="stmt" count="5"/>
      <line num="37" type="stmt" count="1"/>
      <line num="40" type="stmt" count="4"/>
      <line num="42" type="stmt" count="4"/>
      <line num="44" type="stmt" count="4"/>
      <line num="45" type="stmt" count="1"/>
      <line num="48" type="stmt" count="3"/>
      <line num="49" type="stmt" count="1"/>
      <line num="52" type="stmt" count="2"/>
      <line num="53" type="stmt" count="1"/>
      <line num="56" type="stmt" count="1"/>
      <line num="59" type="method" name="supports" visibility="public" complexity="1" crap="1" count="1"/>
      <line num="61" type="stmt" count="1"/>
      <line num="64" type="method" name="onAuthenticationFailure" visibility="public" complexity="1" crap="1" count="1"/>
      <line num="66" type="stmt" count="1"/>
      <line num="69" type="method" name="onAuthenticationSuccess" visibility="public" complexity="1" crap="2" count="0"/>
      <line num="71" type="stmt" count="0"/>
      <metrics loc="73" ncloc="73" classes="1" methods="5" coveredmethods="4" conditionals="0" coveredconditionals="0" statements="17" coveredstatements="16" elements="22" coveredelements="20"/>
    </file>
    <file name="/Users/yivi/Projects/personal/composer_package/YivoffJwtRefreshBundle/Shared/Hasher.php">
      <class name="Yivoff\JwtRefreshBundle\Shared\Hasher" namespace="global">
        <metrics complexity="3" methods="3" coveredmethods="3" conditionals="0" coveredconditionals="0" statements="4" coveredstatements="4" elements="7" coveredelements="7"/>
      </class>
      <line num="16" type="method" name="__construct" visibility="public" complexity="1" crap="1" count="1"/>
      <line num="18" type="stmt" count="1"/>
      <line num="20" type="method" name="verify" visibility="public" complexity="1" crap="1" count="1"/>
      <line num="22" type="stmt" count="1"/>
      <line num="25" type="method" name="hash" visibility="public" complexity="1" crap="1" count="1"/>
      <line num="27" type="stmt" count="1"/>
      <metrics loc="29" ncloc="26" classes="1" methods="3" coveredmethods="3" conditionals="0" coveredconditionals="0" statements="4" coveredstatements="4" elements="7" coveredelements="7"/>
    </file>
    <file name="/Users/yivi/Projects/personal/composer_package/YivoffJwtRefreshBundle/Shared/TokenIdGenerator.php">
      <class name="Yivoff\JwtRefreshBundle\Shared\TokenIdGenerator" namespace="global">
        <metrics complexity="3" methods="3" coveredmethods="3" conditionals="0" coveredconditionals="0" statements="3" coveredstatements="3" elements="6" coveredelements="6"/>
      </class>
      <line num="18" type="method" name="generateIdentifier" visibility="public" complexity="1" crap="1" count="1"/>
      <line num="20" type="stmt" count="1"/>
      <line num="23" type="method" name="randomString" visibility="private" complexity="1" crap="1" count="1"/>
      <line num="25" type="stmt" count="1"/>
      <line num="28" type="method" name="generateVerifier" visibility="public" complexity="1" crap="1" count="1"/>
      <line num="30" type="stmt" count="1"/>
      <metrics loc="32" ncloc="32" classes="1" methods="3" coveredmethods="3" conditionals="0" coveredconditionals="0" statements="3" coveredstatements="3" elements="6" coveredelements="6"/>
    </file>
    <metrics files="7" loc="358" ncloc="347" classes="5" methods="16" coveredmethods="15" conditionals="0" coveredconditionals="0" statements="51" coveredstatements="50" elements="67" coveredelements="65"/>
  </project>
</coverage>
